{"timestamp":"2026-03-30T07:17:43.036909Z","level":"info","event":"Stats instance was created in PID 7 but accessed in PID 44700. Re-initializing.","logger":"airflow.stats","filename":"stats.py","lineno":57}
{"timestamp":"2026-03-30T07:17:45.761531Z","level":"info","event":"DAG bundles loaded: dags-folder, example_dags","logger":"airflow.dag_processing.bundles.manager.DagBundlesManager","filename":"manager.py","lineno":179}
{"timestamp":"2026-03-30T07:17:45.768642Z","level":"info","event":"Filling up the DagBag from /opt/airflow/dags/read_file.py","logger":"airflow.models.dagbag.BundleDagBag","filename":"dagbag.py","lineno":593}
{"timestamp":"2026-03-30T07:17:46.113789Z","level":"info","event":"Task instance is in running state","logger":"task.stdout"}
{"timestamp":"2026-03-30T07:17:46.121454Z","level":"info","event":" Previous state of the Task instance: TaskInstanceState.QUEUED","logger":"task.stdout"}
{"timestamp":"2026-03-30T07:17:46.130980Z","level":"info","event":"Current task name:wait_for_file","logger":"task.stdout"}
{"timestamp":"2026-03-30T07:17:46.133514Z","level":"info","event":"Dag name:file_processing_dag","logger":"task.stdout"}
{"timestamp":"2026-03-30T07:17:46.200784Z","level":"info","event":"Poking for file /opt/airflow/files/tiktok_google_play_reviews.csv","logger":"airflow.task.operators.airflow.providers.standard.sensors.filesystem.FileSensor","filename":"filesystem.py","lineno":108}
{"timestamp":"2026-03-30T07:18:46.249940Z","level":"info","event":"Poking for file /opt/airflow/files/tiktok_google_play_reviews.csv","logger":"airflow.task.operators.airflow.providers.standard.sensors.filesystem.FileSensor","filename":"filesystem.py","lineno":108}
{"timestamp":"2026-03-30T07:19:46.223336Z","level":"info","event":"Poking for file /opt/airflow/files/tiktok_google_play_reviews.csv","logger":"airflow.task.operators.airflow.providers.standard.sensors.filesystem.FileSensor","filename":"filesystem.py","lineno":108}
{"timestamp":"2026-03-30T07:20:46.188153Z","level":"info","event":"Poking for file /opt/airflow/files/tiktok_google_play_reviews.csv","logger":"airflow.task.operators.airflow.providers.standard.sensors.filesystem.FileSensor","filename":"filesystem.py","lineno":108}
{"timestamp":"2026-03-30T07:21:46.158270Z","level":"info","event":"Poking for file /opt/airflow/files/tiktok_google_play_reviews.csv","logger":"airflow.task.operators.airflow.providers.standard.sensors.filesystem.FileSensor","filename":"filesystem.py","lineno":108}
{"timestamp":"2026-03-30T07:22:46.138463Z","level":"info","event":"Poking for file /opt/airflow/files/tiktok_google_play_reviews.csv","logger":"airflow.task.operators.airflow.providers.standard.sensors.filesystem.FileSensor","filename":"filesystem.py","lineno":108}
{"timestamp":"2026-03-30T07:23:46.110753Z","level":"info","event":"Poking for file /opt/airflow/files/tiktok_google_play_reviews.csv","logger":"airflow.task.operators.airflow.providers.standard.sensors.filesystem.FileSensor","filename":"filesystem.py","lineno":108}
{"timestamp":"2026-03-30T07:24:46.085306Z","level":"info","event":"Poking for file /opt/airflow/files/tiktok_google_play_reviews.csv","logger":"airflow.task.operators.airflow.providers.standard.sensors.filesystem.FileSensor","filename":"filesystem.py","lineno":108}
{"timestamp":"2026-03-30T07:25:46.054967Z","level":"info","event":"Poking for file /opt/airflow/files/tiktok_google_play_reviews.csv","logger":"airflow.task.operators.airflow.providers.standard.sensors.filesystem.FileSensor","filename":"filesystem.py","lineno":108}
{"timestamp":"2026-03-30T07:26:46.018695Z","level":"info","event":"Poking for file /opt/airflow/files/tiktok_google_play_reviews.csv","logger":"airflow.task.operators.airflow.providers.standard.sensors.filesystem.FileSensor","filename":"filesystem.py","lineno":108}
{"timestamp":"2026-03-30T07:27:45.988573Z","level":"info","event":"Poking for file /opt/airflow/files/tiktok_google_play_reviews.csv","logger":"airflow.task.operators.airflow.providers.standard.sensors.filesystem.FileSensor","filename":"filesystem.py","lineno":108}
{"timestamp":"2026-03-30T07:28:45.958759Z","level":"info","event":"Poking for file /opt/airflow/files/tiktok_google_play_reviews.csv","logger":"airflow.task.operators.airflow.providers.standard.sensors.filesystem.FileSensor","filename":"filesystem.py","lineno":108}
{"timestamp":"2026-03-30T07:29:45.928357Z","level":"info","event":"Poking for file /opt/airflow/files/tiktok_google_play_reviews.csv","logger":"airflow.task.operators.airflow.providers.standard.sensors.filesystem.FileSensor","filename":"filesystem.py","lineno":108}
{"timestamp":"2026-03-30T07:30:45.896780Z","level":"info","event":"Poking for file /opt/airflow/files/tiktok_google_play_reviews.csv","logger":"airflow.task.operators.airflow.providers.standard.sensors.filesystem.FileSensor","filename":"filesystem.py","lineno":108}
{"timestamp":"2026-03-30T07:31:45.863224Z","level":"info","event":"Poking for file /opt/airflow/files/tiktok_google_play_reviews.csv","logger":"airflow.task.operators.airflow.providers.standard.sensors.filesystem.FileSensor","filename":"filesystem.py","lineno":108}
{"timestamp":"2026-03-30T07:32:45.828706Z","level":"info","event":"Poking for file /opt/airflow/files/tiktok_google_play_reviews.csv","logger":"airflow.task.operators.airflow.providers.standard.sensors.filesystem.FileSensor","filename":"filesystem.py","lineno":108}
{"timestamp":"2026-03-30T07:33:45.795875Z","level":"info","event":"Poking for file /opt/airflow/files/tiktok_google_play_reviews.csv","logger":"airflow.task.operators.airflow.providers.standard.sensors.filesystem.FileSensor","filename":"filesystem.py","lineno":108}
{"timestamp":"2026-03-30T07:34:45.768500Z","level":"info","event":"Poking for file /opt/airflow/files/tiktok_google_play_reviews.csv","logger":"airflow.task.operators.airflow.providers.standard.sensors.filesystem.FileSensor","filename":"filesystem.py","lineno":108}
{"timestamp":"2026-03-30T07:35:45.741653Z","level":"info","event":"Poking for file /opt/airflow/files/tiktok_google_play_reviews.csv","logger":"airflow.task.operators.airflow.providers.standard.sensors.filesystem.FileSensor","filename":"filesystem.py","lineno":108}
{"timestamp":"2026-03-30T07:36:45.721635Z","level":"info","event":"Poking for file /opt/airflow/files/tiktok_google_play_reviews.csv","logger":"airflow.task.operators.airflow.providers.standard.sensors.filesystem.FileSensor","filename":"filesystem.py","lineno":108}
{"timestamp":"2026-03-30T07:37:45.687781Z","level":"info","event":"Poking for file /opt/airflow/files/tiktok_google_play_reviews.csv","logger":"airflow.task.operators.airflow.providers.standard.sensors.filesystem.FileSensor","filename":"filesystem.py","lineno":108}
{"timestamp":"2026-03-30T07:38:45.651751Z","level":"info","event":"Poking for file /opt/airflow/files/tiktok_google_play_reviews.csv","logger":"airflow.task.operators.airflow.providers.standard.sensors.filesystem.FileSensor","filename":"filesystem.py","lineno":108}
{"timestamp":"2026-03-30T07:39:45.622998Z","level":"info","event":"Poking for file /opt/airflow/files/tiktok_google_play_reviews.csv","logger":"airflow.task.operators.airflow.providers.standard.sensors.filesystem.FileSensor","filename":"filesystem.py","lineno":108}
{"timestamp":"2026-03-30T07:40:45.600946Z","level":"info","event":"Poking for file /opt/airflow/files/tiktok_google_play_reviews.csv","logger":"airflow.task.operators.airflow.providers.standard.sensors.filesystem.FileSensor","filename":"filesystem.py","lineno":108}
{"timestamp":"2026-03-30T07:41:45.589644Z","level":"info","event":"Poking for file /opt/airflow/files/tiktok_google_play_reviews.csv","logger":"airflow.task.operators.airflow.providers.standard.sensors.filesystem.FileSensor","filename":"filesystem.py","lineno":108}
{"timestamp":"2026-03-30T07:42:26.771134Z","level":"error","event":"Server indicated the task shouldn't be running anymore. Terminating process","detail":{"detail":{"reason":"not_found","message":"Task Instance not found"}},"logger":"task"}
{"timestamp":"2026-03-30T07:42:36.956554Z","level":"error","event":"Task killed!","logger":"task"}
