{"timestamp":"2026-04-23T10:16:49.369023Z","level":"info","event":"Stats instance was created in PID 7 but accessed in PID 51295. Re-initializing.","logger":"airflow.stats","filename":"stats.py","lineno":57}
{"timestamp":"2026-04-23T10:17:31.549178Z","level":"info","event":"DAG bundles loaded: dags-folder, example_dags","logger":"airflow.dag_processing.bundles.manager.DagBundlesManager","filename":"manager.py","lineno":179}
{"timestamp":"2026-04-23T10:17:31.629630Z","level":"info","event":"Filling up the DagBag from /opt/airflow/dags/airport_dags.py","logger":"airflow.models.dagbag.BundleDagBag","filename":"dagbag.py","lineno":593}
{"timestamp":"2026-04-23T10:17:35.335701Z","level":"info","event":"Task instance is in running state","logger":"task.stdout"}
{"timestamp":"2026-04-23T10:17:35.343733Z","level":"info","event":" Previous state of the Task instance: TaskInstanceState.QUEUED","logger":"task.stdout"}
{"timestamp":"2026-04-23T10:17:35.367510Z","level":"info","event":"Current task name:put_file_to_snowflake_stage","logger":"task.stdout"}
{"timestamp":"2026-04-23T10:17:35.382091Z","level":"info","event":"Dag name:snowflake_local_file_upload","logger":"task.stdout"}
{"timestamp":"2026-04-23T10:17:35.398776Z","level":"info","event":"Executing: PUT 'file:///opt/airflow/data/Airline_Dataset.csv' @my_internal_stage","logger":"airflow.task.operators.airflow.providers.common.sql.operators.sql.SQLExecuteQueryOperator","filename":"sql.py","lineno":410}
{"timestamp":"2026-04-23T10:17:40.916596Z","level":"warning","event":"urllib3 (2.5.0) or chardet (6.0.0.post1)/charset_normalizer (3.4.5) doesn't match a supported version!","category":"RequestsDependencyWarning","filename":"/home/airflow/.local/lib/python3.12/site-packages/snowflake/connector/vendored/requests/__init__.py","lineno":113,"logger":"py.warnings"}
{"timestamp":"2026-04-23T10:17:44.247044Z","level":"info","event":"Snowflake Connector for Python Version: 4.0.0, Python Version: 3.12.13, Platform: Linux-6.6.87.2-microsoft-standard-WSL2-x86_64-with-glibc2.36","logger":"snowflake.connector.connection","filename":"connection.py","lineno":586}
{"timestamp":"2026-04-23T10:17:44.261057Z","level":"info","event":"Connecting to GLOBAL Snowflake domain","logger":"snowflake.connector.connection","filename":"connection.py","lineno":1629}
{"timestamp":"2026-04-23T10:18:37.314980Z","level":"info","event":"Running statement: PUT 'file:///opt/airflow/data/Airline_Dataset.csv' @my_internal_stage, parameters: None","logger":"airflow.task.hooks.airflow.providers.snowflake.hooks.snowflake.SnowflakeHook","filename":"snowflake.py","lineno":749}
{"timestamp":"2026-04-23T10:18:37.315729Z","level":"info","event":"Running statement: PUT 'file:///opt/airflow/data/Airline_Dataset.csv' @my_internal_stage, parameters: None","logger":"airflow.task.hooks.airflow.providers.snowflake.hooks.snowflake.SnowflakeHook","filename":"sql.py","lineno":850}
{"timestamp":"2026-04-23T10:19:37.444000Z","level":"info","event":"Rows affected: 1","logger":"airflow.task.hooks.airflow.providers.snowflake.hooks.snowflake.SnowflakeHook","filename":"sql.py","lineno":868}
{"timestamp":"2026-04-23T10:19:37.448454Z","level":"info","event":"Rows affected: 1","logger":"airflow.task.hooks.airflow.providers.snowflake.hooks.snowflake.SnowflakeHook","filename":"snowflake.py","lineno":762}
{"timestamp":"2026-04-23T10:19:37.451252Z","level":"info","event":"Snowflake query id: 01c3e62a-0005-2a9d-0001-5686000e026a","logger":"airflow.task.hooks.airflow.providers.snowflake.hooks.snowflake.SnowflakeHook","filename":"snowflake.py","lineno":763}
{"timestamp":"2026-04-23T10:19:37.662409Z","level":"info","event":"Pushing xcom","ti":"RuntimeTaskInstance(id=UUID('019db9d7-1d10-7960-9587-39edcbc143b4'), task_id='put_file_to_snowflake_stage', dag_id='snowflake_local_file_upload', run_id='manual__2026-04-23T10:16:12.509232+00:00', try_number=1, dag_version_id=UUID('019d6738-dc18-7abd-a814-d0279eca197b'), map_index=-1, hostname='5c1fbbe28aed', context_carrier={}, task=<Task(SQLExecuteQueryOperator): put_file_to_snowflake_stage>, bundle_instance=LocalDagBundle(name=dags-folder), max_tries=0, start_date=datetime.datetime(2026, 4, 23, 10, 16, 39, 657233, tzinfo=datetime.timezone.utc), end_date=None, state=<TaskInstanceState.RUNNING: 'running'>, is_mapped=False, rendered_map_index=None)","logger":"task","filename":"task_runner.py","lineno":1573}
{"timestamp":"2026-04-23T10:19:39.668836Z","level":"info","event":"Task instance in success state","logger":"task.stdout"}
{"timestamp":"2026-04-23T10:19:39.672673Z","level":"info","event":" Previous state of the Task instance: TaskInstanceState.RUNNING","logger":"task.stdout"}
{"timestamp":"2026-04-23T10:19:39.679397Z","level":"info","event":"Task operator:<Task(SQLExecuteQueryOperator): put_file_to_snowflake_stage>","logger":"task.stdout"}
