{"timestamp":"2026-04-27T10:20:01.409934Z","level":"info","event":"Stats instance was created in PID 7 but accessed in PID 11187. Re-initializing.","logger":"airflow.stats","filename":"stats.py","lineno":57}
{"timestamp":"2026-04-27T10:20:34.066284Z","level":"info","event":"DAG bundles loaded: dags-folder, example_dags","logger":"airflow.dag_processing.bundles.manager.DagBundlesManager","filename":"manager.py","lineno":179}
{"timestamp":"2026-04-27T10:20:34.190001Z","level":"info","event":"Filling up the DagBag from /opt/airflow/dags/airport_dags.py","logger":"airflow.models.dagbag.BundleDagBag","filename":"dagbag.py","lineno":593}
{"timestamp":"2026-04-27T10:20:39.347363Z","level":"info","event":"Task instance is in running state","logger":"task.stdout"}
{"timestamp":"2026-04-27T10:20:39.351251Z","level":"info","event":" Previous state of the Task instance: TaskInstanceState.QUEUED","logger":"task.stdout"}
{"timestamp":"2026-04-27T10:20:39.353133Z","level":"info","event":"Current task name:load_gold_layer","logger":"task.stdout"}
{"timestamp":"2026-04-27T10:20:39.354093Z","level":"info","event":"Dag name:snowflake_local_file_upload","logger":"task.stdout"}
{"timestamp":"2026-04-27T10:20:39.319601Z","level":"info","event":"Executing: CALL load_gold_layer();","logger":"airflow.task.operators.airflow.providers.common.sql.operators.sql.SQLExecuteQueryOperator","filename":"sql.py","lineno":410}
{"timestamp":"2026-04-27T10:20:46.306469Z","level":"warning","event":"urllib3 (2.5.0) or chardet (6.0.0.post1)/charset_normalizer (3.4.5) doesn't match a supported version!","category":"RequestsDependencyWarning","filename":"/home/airflow/.local/lib/python3.12/site-packages/snowflake/connector/vendored/requests/__init__.py","lineno":113,"logger":"py.warnings"}
{"timestamp":"2026-04-27T10:20:48.434625Z","level":"info","event":"Snowflake Connector for Python Version: 4.0.0, Python Version: 3.12.13, Platform: Linux-6.6.87.2-microsoft-standard-WSL2-x86_64-with-glibc2.36","logger":"snowflake.connector.connection","filename":"connection.py","lineno":586}
{"timestamp":"2026-04-27T10:20:48.438094Z","level":"info","event":"Connecting to GLOBAL Snowflake domain","logger":"snowflake.connector.connection","filename":"connection.py","lineno":1629}
{"timestamp":"2026-04-27T10:21:47.202742Z","level":"info","event":"Running statement: CALL load_gold_layer(), parameters: None","logger":"airflow.task.hooks.airflow.providers.snowflake.hooks.snowflake.SnowflakeHook","filename":"snowflake.py","lineno":749}
{"timestamp":"2026-04-27T10:21:47.203263Z","level":"info","event":"Running statement: CALL load_gold_layer(), parameters: None","logger":"airflow.task.hooks.airflow.providers.snowflake.hooks.snowflake.SnowflakeHook","filename":"sql.py","lineno":850}
{"timestamp":"2026-04-27T10:22:49.139688Z","level":"info","event":"Rows affected: 1","logger":"airflow.task.hooks.airflow.providers.snowflake.hooks.snowflake.SnowflakeHook","filename":"sql.py","lineno":868}
{"timestamp":"2026-04-27T10:22:49.149431Z","level":"info","event":"Rows affected: 1","logger":"airflow.task.hooks.airflow.providers.snowflake.hooks.snowflake.SnowflakeHook","filename":"snowflake.py","lineno":762}
{"timestamp":"2026-04-27T10:22:49.153031Z","level":"info","event":"Snowflake query id: 01c3fcad-0005-2d70-0001-568600111396","logger":"airflow.task.hooks.airflow.providers.snowflake.hooks.snowflake.SnowflakeHook","filename":"snowflake.py","lineno":763}
{"timestamp":"2026-04-27T10:22:49.511183Z","level":"info","event":"Pushing xcom","ti":"RuntimeTaskInstance(id=UUID('019dce6d-3efc-7a80-b9e6-910612bdc581'), task_id='load_gold_layer', dag_id='snowflake_local_file_upload', run_id='manual__2026-04-27T10:12:39.140592+00:00', try_number=1, dag_version_id=UUID('019dce5b-005a-791e-90e5-af591700bec8'), map_index=-1, hostname='5c1fbbe28aed', context_carrier={}, task=<Task(SQLExecuteQueryOperator): load_gold_layer>, bundle_instance=LocalDagBundle(name=dags-folder), max_tries=0, start_date=datetime.datetime(2026, 4, 27, 10, 19, 55, 995027, tzinfo=datetime.timezone.utc), end_date=None, state=<TaskInstanceState.RUNNING: 'running'>, is_mapped=False, rendered_map_index=None)","logger":"task","filename":"task_runner.py","lineno":1573}
{"timestamp":"2026-04-27T10:22:49.791653Z","level":"info","event":"Task instance in success state","logger":"task.stdout"}
{"timestamp":"2026-04-27T10:22:49.794827Z","level":"info","event":" Previous state of the Task instance: TaskInstanceState.RUNNING","logger":"task.stdout"}
{"timestamp":"2026-04-27T10:22:49.799764Z","level":"info","event":"Task operator:<Task(SQLExecuteQueryOperator): load_gold_layer>","logger":"task.stdout"}
