{"timestamp":"2026-04-07T09:23:30.628267Z","level":"info","event":"Stats instance was created in PID 7 but accessed in PID 8785. Re-initializing.","logger":"airflow.stats","filename":"stats.py","lineno":57}
{"timestamp":"2026-04-07T09:23:35.929913Z","level":"info","event":"DAG bundles loaded: dags-folder, example_dags","logger":"airflow.dag_processing.bundles.manager.DagBundlesManager","filename":"manager.py","lineno":179}
{"timestamp":"2026-04-07T09:23:35.938497Z","level":"info","event":"Filling up the DagBag from /opt/airflow/dags/airport_dags.py","logger":"airflow.models.dagbag.BundleDagBag","filename":"dagbag.py","lineno":593}
{"timestamp":"2026-04-07T09:23:36.293028Z","level":"info","event":"Task instance is in running state","logger":"task.stdout"}
{"timestamp":"2026-04-07T09:23:36.298017Z","level":"info","event":" Previous state of the Task instance: TaskInstanceState.QUEUED","logger":"task.stdout"}
{"timestamp":"2026-04-07T09:23:36.299602Z","level":"info","event":"Current task name:put_file_to_snowflake_stage","logger":"task.stdout"}
{"timestamp":"2026-04-07T09:23:36.300932Z","level":"info","event":"Dag name:snowflake_local_file_upload","logger":"task.stdout"}
{"timestamp":"2026-04-07T09:23:36.294731Z","level":"info","event":"Executing: PUT 'file:///opt/airflow/data/Airline_Dataset.csv' @my_internal_stage","logger":"airflow.task.operators.airflow.providers.common.sql.operators.sql.SQLExecuteQueryOperator","filename":"sql.py","lineno":410}
{"timestamp":"2026-04-07T09:23:37.548065Z","level":"warning","event":"urllib3 (2.5.0) or chardet (6.0.0.post1)/charset_normalizer (3.4.5) doesn't match a supported version!","category":"RequestsDependencyWarning","filename":"/home/airflow/.local/lib/python3.12/site-packages/snowflake/connector/vendored/requests/__init__.py","lineno":113,"logger":"py.warnings"}
{"timestamp":"2026-04-07T09:23:38.266802Z","level":"info","event":"Snowflake Connector for Python Version: 4.0.0, Python Version: 3.12.13, Platform: Linux-6.6.87.2-microsoft-standard-WSL2-x86_64-with-glibc2.36","logger":"snowflake.connector.connection","filename":"connection.py","lineno":586}
{"timestamp":"2026-04-07T09:23:38.268900Z","level":"info","event":"Connecting to GLOBAL Snowflake domain","logger":"snowflake.connector.connection","filename":"connection.py","lineno":1629}
{"timestamp":"2026-04-07T09:23:49.405784Z","level":"info","event":"Running statement: PUT 'file:///opt/airflow/data/Airline_Dataset.csv' @my_internal_stage, parameters: None","logger":"airflow.task.hooks.airflow.providers.snowflake.hooks.snowflake.SnowflakeHook","filename":"snowflake.py","lineno":749}
{"timestamp":"2026-04-07T09:23:49.406361Z","level":"info","event":"Running statement: PUT 'file:///opt/airflow/data/Airline_Dataset.csv' @my_internal_stage, parameters: None","logger":"airflow.task.hooks.airflow.providers.snowflake.hooks.snowflake.SnowflakeHook","filename":"sql.py","lineno":850}
{"timestamp":"2026-04-07T09:24:16.694765Z","level":"info","event":"Rows affected: 1","logger":"airflow.task.hooks.airflow.providers.snowflake.hooks.snowflake.SnowflakeHook","filename":"sql.py","lineno":868}
{"timestamp":"2026-04-07T09:24:16.697602Z","level":"info","event":"Rows affected: 1","logger":"airflow.task.hooks.airflow.providers.snowflake.hooks.snowflake.SnowflakeHook","filename":"snowflake.py","lineno":762}
{"timestamp":"2026-04-07T09:24:16.698998Z","level":"info","event":"Snowflake query id: 01c38bf3-0005-23dd-0001-568600040ef6","logger":"airflow.task.hooks.airflow.providers.snowflake.hooks.snowflake.SnowflakeHook","filename":"snowflake.py","lineno":763}
{"timestamp":"2026-04-07T09:24:16.917889Z","level":"info","event":"Pushing xcom","ti":"RuntimeTaskInstance(id=UUID('019d6741-057f-7875-b57b-4f91abd37dbf'), task_id='put_file_to_snowflake_stage', dag_id='snowflake_local_file_upload', run_id='manual__2026-04-07T09:23:27.632312+00:00', try_number=1, dag_version_id=UUID('019d6738-dc18-7abd-a814-d0279eca197b'), map_index=-1, hostname='5c1fbbe28aed', context_carrier={}, task=<Task(SQLExecuteQueryOperator): put_file_to_snowflake_stage>, bundle_instance=LocalDagBundle(name=dags-folder), max_tries=0, start_date=datetime.datetime(2026, 4, 7, 9, 23, 30, 151959, tzinfo=datetime.timezone.utc), end_date=None, state=<TaskInstanceState.RUNNING: 'running'>, is_mapped=False, rendered_map_index=None)","logger":"task","filename":"task_runner.py","lineno":1573}
{"timestamp":"2026-04-07T09:24:17.628265Z","level":"info","event":"Task instance in success state","logger":"task.stdout"}
{"timestamp":"2026-04-07T09:24:17.643283Z","level":"info","event":" Previous state of the Task instance: TaskInstanceState.RUNNING","logger":"task.stdout"}
{"timestamp":"2026-04-07T09:24:17.656963Z","level":"info","event":"Task operator:<Task(SQLExecuteQueryOperator): put_file_to_snowflake_stage>","logger":"task.stdout"}
