{"timestamp":"2026-04-24T11:05:56.895683Z","level":"info","event":"Stats instance was created in PID 7 but accessed in PID 66898. Re-initializing.","logger":"airflow.stats","filename":"stats.py","lineno":57}
{"timestamp":"2026-04-24T11:06:05.768936Z","level":"info","event":"DAG bundles loaded: dags-folder, example_dags","logger":"airflow.dag_processing.bundles.manager.DagBundlesManager","filename":"manager.py","lineno":179}
{"timestamp":"2026-04-24T11:06:05.781004Z","level":"info","event":"Filling up the DagBag from /opt/airflow/dags/airport_dags.py","logger":"airflow.models.dagbag.BundleDagBag","filename":"dagbag.py","lineno":593}
{"timestamp":"2026-04-24T11:06:06.471302Z","level":"info","event":"Task instance is in running state","logger":"task.stdout"}
{"timestamp":"2026-04-24T11:06:06.473995Z","level":"info","event":" Previous state of the Task instance: TaskInstanceState.QUEUED","logger":"task.stdout"}
{"timestamp":"2026-04-24T11:06:06.488840Z","level":"info","event":"Current task name:copy_into_table","logger":"task.stdout"}
{"timestamp":"2026-04-24T11:06:06.495863Z","level":"info","event":"Dag name:snowflake_local_file_upload","logger":"task.stdout"}
{"timestamp":"2026-04-24T11:06:06.471263Z","level":"info","event":"Executing: \n            COPY INTO Airline_Dataset\n            FROM @my_internal_stage/Airline_Dataset.csv\n            FILE_FORMAT = (TYPE = CSV SKIP_HEADER = 1 FIELD_OPTIONALLY_ENCLOSED_BY='\"');\n        ","logger":"airflow.task.operators.airflow.providers.common.sql.operators.sql.SQLExecuteQueryOperator","filename":"sql.py","lineno":410}
{"timestamp":"2026-04-24T11:06:12.808976Z","level":"warning","event":"urllib3 (2.5.0) or chardet (6.0.0.post1)/charset_normalizer (3.4.5) doesn't match a supported version!","category":"RequestsDependencyWarning","filename":"/home/airflow/.local/lib/python3.12/site-packages/snowflake/connector/vendored/requests/__init__.py","lineno":113,"logger":"py.warnings"}
{"timestamp":"2026-04-24T11:06:18.077488Z","level":"info","event":"Snowflake Connector for Python Version: 4.0.0, Python Version: 3.12.13, Platform: Linux-6.6.87.2-microsoft-standard-WSL2-x86_64-with-glibc2.36","logger":"snowflake.connector.connection","filename":"connection.py","lineno":586}
{"timestamp":"2026-04-24T11:06:18.079804Z","level":"info","event":"Connecting to GLOBAL Snowflake domain","logger":"snowflake.connector.connection","filename":"connection.py","lineno":1629}
{"timestamp":"2026-04-24T11:06:37.506590Z","level":"info","event":"Running statement: COPY INTO Airline_Dataset\n            FROM @my_internal_stage/Airline_Dataset.csv\n            FILE_FORMAT = (TYPE = CSV SKIP_HEADER = 1 FIELD_OPTIONALLY_ENCLOSED_BY='\"');, parameters: None","logger":"airflow.task.hooks.airflow.providers.snowflake.hooks.snowflake.SnowflakeHook","filename":"snowflake.py","lineno":749}
{"timestamp":"2026-04-24T11:06:37.508302Z","level":"info","event":"Running statement: COPY INTO Airline_Dataset\n            FROM @my_internal_stage/Airline_Dataset.csv\n            FILE_FORMAT = (TYPE = CSV SKIP_HEADER = 1 FIELD_OPTIONALLY_ENCLOSED_BY='\"');, parameters: None","logger":"airflow.task.hooks.airflow.providers.snowflake.hooks.snowflake.SnowflakeHook","filename":"sql.py","lineno":850}
{"timestamp":"2026-04-24T11:08:22.168368Z","level":"info","event":"Rows affected: 1","logger":"airflow.task.hooks.airflow.providers.snowflake.hooks.snowflake.SnowflakeHook","filename":"sql.py","lineno":868}
{"timestamp":"2026-04-24T11:08:22.178100Z","level":"info","event":"Rows affected: 1","logger":"airflow.task.hooks.airflow.providers.snowflake.hooks.snowflake.SnowflakeHook","filename":"snowflake.py","lineno":762}
{"timestamp":"2026-04-24T11:08:22.181452Z","level":"info","event":"Snowflake query id: 01c3ebfa-0005-2c62-0001-5686000fa17e","logger":"airflow.task.hooks.airflow.providers.snowflake.hooks.snowflake.SnowflakeHook","filename":"snowflake.py","lineno":763}
{"timestamp":"2026-04-24T11:08:22.639775Z","level":"info","event":"Pushing xcom","ti":"RuntimeTaskInstance(id=UUID('019dbf26-9555-7852-bf30-916d5e96c87b'), task_id='copy_into_table', dag_id='snowflake_local_file_upload', run_id='manual__2026-04-24T11:01:07.173744+00:00', try_number=1, dag_version_id=UUID('019d6738-dc18-7abd-a814-d0279eca197b'), map_index=-1, hostname='5c1fbbe28aed', context_carrier={}, task=<Task(SQLExecuteQueryOperator): copy_into_table>, bundle_instance=LocalDagBundle(name=dags-folder), max_tries=0, start_date=datetime.datetime(2026, 4, 24, 11, 5, 56, 262747, tzinfo=datetime.timezone.utc), end_date=None, state=<TaskInstanceState.RUNNING: 'running'>, is_mapped=False, rendered_map_index=None)","logger":"task","filename":"task_runner.py","lineno":1573}
{"timestamp":"2026-04-24T11:08:22.974916Z","level":"info","event":"Task instance in success state","logger":"task.stdout"}
{"timestamp":"2026-04-24T11:08:22.976656Z","level":"info","event":" Previous state of the Task instance: TaskInstanceState.RUNNING","logger":"task.stdout"}
{"timestamp":"2026-04-24T11:08:22.981665Z","level":"info","event":"Task operator:<Task(SQLExecuteQueryOperator): copy_into_table>","logger":"task.stdout"}
